<?xml version="1.0" encoding="UTF-8"?>
<robot generator="Robot 5.0.1 (Python 3.10.5 on win32)" generated="20220731 12:33:43.129" rpa="false" schemaversion="3">
<suite id="s1" name="Robot Interactive Console" source="c:\Users\Keyse\.vscode\extensions\robocorp.robotframework-lsp-0.49.0\src\robotframework_ls\vendored\robotframework_interactive\robot_interactive_console.robot">
<test id="s1-t1" name="Default Task/Test" line="5">
<kw name="Interpreter Main Loop" library="MainLoop">
<kw name="Uma keyword qualquer 01">
<msg timestamp="20220731 12:33:43.764" level="FAIL">No keyword with name 'Uma keyword qualquer 01' found.</msg>
<status status="FAIL" starttime="20220731 12:33:43.764" endtime="20220731 12:33:43.764"/>
</kw>
<status status="PASS" starttime="20220731 12:33:43.147" endtime="20220731 12:33:45.321"/>
</kw>
<status status="PASS" starttime="20220731 12:33:43.147" endtime="20220731 12:33:45.322"/>
</test>
<status status="PASS" starttime="20220731 12:33:43.131" endtime="20220731 12:33:45.323"/>
</suite>
<statistics>
<total>
<stat pass="1" fail="0" skip="0">All Tests</stat>
</total>
<tag>
</tag>
<suite>
<stat pass="1" fail="0" skip="0" id="s1" name="Robot Interactive Console">Robot Interactive Console</stat>
</suite>
</statistics>
<errors>
</errors>
</robot>
