<?xml version="1.0" encoding="UTF-8"?>
<robot generator="Robot 5.0.1 (Python 3.10.5 on win32)" generated="20220730 15:27:23.793" rpa="false" schemaversion="3">
<suite id="s1" name="Amazon Testes" source="C:\Projetos Estudo\RobotFramework\WebTesting\amazon_testes.robot">
<test id="s1-t1" name="Caso de Testes 01 - Acesso ao menu &quot;Eletrônicos" line="10">
<kw name="Abrir o Navegador" library="amazon_resources" type="SETUP">
<kw name="Open Browser" library="SeleniumLibrary">
<arg>browser=chrome</arg>
<doc>Opens a new browser instance to the optional ``url``.</doc>
<msg timestamp="20220730 15:27:23.956" level="INFO">Opening browser 'chrome' to base url 'None'.</msg>
<status status="PASS" starttime="20220730 15:27:23.956" endtime="20220730 15:27:25.064"/>
</kw>
<kw name="Maximize Browser Window" library="SeleniumLibrary">
<doc>Maximizes current browser window.</doc>
<status status="PASS" starttime="20220730 15:27:25.064" endtime="20220730 15:27:25.179"/>
</kw>
<status status="PASS" starttime="20220730 15:27:23.956" endtime="20220730 15:27:25.179"/>
</kw>
<kw name="Acessar a home page do site Amazon.com.br" library="amazon_resources">
<kw name="Go To" library="SeleniumLibrary">
<arg>url=${URL}</arg>
<doc>Navigates the current browser window to the provided ``url``.</doc>
<msg timestamp="20220730 15:27:25.180" level="INFO">Opening url 'https://www.amazon.com.br/'</msg>
<status status="PASS" starttime="20220730 15:27:25.180" endtime="20220730 15:27:26.531"/>
</kw>
<kw name="Wait Until Element Is Visible" library="SeleniumLibrary">
<arg>locator=${MENU_ELETRONICOS}</arg>
<doc>Waits until the element ``locator`` is visible.</doc>
<status status="PASS" starttime="20220730 15:27:26.531" endtime="20220730 15:27:26.586"/>
</kw>
<status status="PASS" starttime="20220730 15:27:25.180" endtime="20220730 15:27:26.587"/>
</kw>
<kw name="Fechar o Navegador" library="amazon_resources" type="TEARDOWN">
<kw name="Close Browser" library="SeleniumLibrary">
<doc>Closes the current browser.</doc>
<status status="PASS" starttime="20220730 15:27:26.588" endtime="20220730 15:27:28.704"/>
</kw>
<status status="PASS" starttime="20220730 15:27:26.588" endtime="20220730 15:27:28.704"/>
</kw>
<doc>Esse teste verifica o menu Eletrônicos do site da Amazon.com.br
e verifica a categproa Computadores e Informática</doc>
<tag>categorias</tag>
<tag>menus</tag>
<status status="PASS" starttime="20220730 15:27:23.955" endtime="20220730 15:27:28.705"/>
</test>
<doc>Essa suíte testa o site da Amazon.com.br</doc>
<status status="PASS" starttime="20220730 15:27:23.794" endtime="20220730 15:27:28.706"/>
</suite>
<statistics>
<total>
<stat pass="1" fail="0" skip="0">All Tests</stat>
</total>
<tag>
<stat pass="1" fail="0" skip="0">categorias</stat>
<stat pass="1" fail="0" skip="0">menus</stat>
</tag>
<suite>
<stat pass="1" fail="0" skip="0" id="s1" name="Amazon Testes">Amazon Testes</stat>
</suite>
</statistics>
<errors>
</errors>
</robot>
