<?xml version="1.0" encoding="UTF-8"?>
<robot generator="Robot 5.0.1 (Python 3.10.5 on win32)" generated="20220731 12:48:09.126" rpa="false" schemaversion="3">
<suite id="s1" name="Tarefa 3 Praticas Com Listas Testes" source="C:\Projetos Estudo\RobotFramework\WebTesting\tarefa_3_praticas_com_listas_testes.robot">
<test id="s1-t1" name="MESES DO ANO:" line="11">
<kw name="Imprimir todos os meses do ano">
<kw name="Log To Console" library="BuiltIn">
<arg>${MESES_ANO[0]}</arg>
<doc>Logs the given message to the console.</doc>
<status status="PASS" starttime="20220731 12:48:09.144" endtime="20220731 12:48:09.144"/>
</kw>
<kw name="Log To Console" library="BuiltIn">
<arg>${MESES_ANO[1]}</arg>
<doc>Logs the given message to the console.</doc>
<status status="PASS" starttime="20220731 12:48:09.144" endtime="20220731 12:48:09.145"/>
</kw>
<kw name="Log To Console" library="BuiltIn">
<arg>${MESES_ANO[2]}</arg>
<doc>Logs the given message to the console.</doc>
<status status="PASS" starttime="20220731 12:48:09.145" endtime="20220731 12:48:09.145"/>
</kw>
<kw name="Log To Console" library="BuiltIn">
<arg>${MESES_ANO[3]}</arg>
<doc>Logs the given message to the console.</doc>
<status status="PASS" starttime="20220731 12:48:09.145" endtime="20220731 12:48:09.146"/>
</kw>
<kw name="Log To Console" library="BuiltIn">
<arg>${MESES_ANO[4]}</arg>
<doc>Logs the given message to the console.</doc>
<status status="PASS" starttime="20220731 12:48:09.146" endtime="20220731 12:48:09.147"/>
</kw>
<kw name="Log To Console" library="BuiltIn">
<arg>${MESES_ANO[5]}</arg>
<doc>Logs the given message to the console.</doc>
<status status="PASS" starttime="20220731 12:48:09.147" endtime="20220731 12:48:09.148"/>
</kw>
<kw name="Log To Console" library="BuiltIn">
<arg>${MESES_ANO[6]}</arg>
<doc>Logs the given message to the console.</doc>
<status status="PASS" starttime="20220731 12:48:09.148" endtime="20220731 12:48:09.149"/>
</kw>
<kw name="Log To Console" library="BuiltIn">
<arg>${MESES_ANO[7]}</arg>
<doc>Logs the given message to the console.</doc>
<status status="PASS" starttime="20220731 12:48:09.149" endtime="20220731 12:48:09.150"/>
</kw>
<kw name="Log To Console" library="BuiltIn">
<arg>${MESES_ANO[8]}</arg>
<doc>Logs the given message to the console.</doc>
<status status="PASS" starttime="20220731 12:48:09.150" endtime="20220731 12:48:09.150"/>
</kw>
<kw name="Log To Console" library="BuiltIn">
<arg>${MESES_ANO[9]}</arg>
<doc>Logs the given message to the console.</doc>
<status status="PASS" starttime="20220731 12:48:09.151" endtime="20220731 12:48:09.152"/>
</kw>
<kw name="Log To Console" library="BuiltIn">
<arg>${MESES_ANO[10]}</arg>
<doc>Logs the given message to the console.</doc>
<status status="PASS" starttime="20220731 12:48:09.152" endtime="20220731 12:48:09.152"/>
</kw>
<kw name="Log To Console" library="BuiltIn">
<arg>${MESES_ANO[11]}</arg>
<doc>Logs the given message to the console.</doc>
<status status="PASS" starttime="20220731 12:48:09.152" endtime="20220731 12:48:09.153"/>
</kw>
<status status="PASS" starttime="20220731 12:48:09.143" endtime="20220731 12:48:09.153"/>
</kw>
<status status="PASS" starttime="20220731 12:48:09.143" endtime="20220731 12:48:09.153"/>
</test>
<doc>Arquivo de Testes da Tarefa 3 - Vamos praticar com LISTAS!</doc>
<status status="PASS" starttime="20220731 12:48:09.127" endtime="20220731 12:48:09.154"/>
</suite>
<statistics>
<total>
<stat pass="1" fail="0" skip="0">All Tests</stat>
</total>
<tag>
</tag>
<suite>
<stat pass="1" fail="0" skip="0" id="s1" name="Tarefa 3 Praticas Com Listas Testes">Tarefa 3 Praticas Com Listas Testes</stat>
</suite>
</statistics>
<errors>
</errors>
</robot>
